[2020-06-18 13:45:18][debug][notice]:[Undefined property: App\HttpController\Category::$respone at file:/root/workspace/EasySwoole/App/HttpController/Category.php line:25]
[2020-06-18 13:45:18][debug][error]:[Call to a member function write() on null at file:/root/workspace/EasySwoole/App/HttpController/Category.php line:25]
[2020-06-18 13:45:51][debug][notice]:[Undefined property: App\HttpController\Category::$respone at file:/root/workspace/EasySwoole/App/HttpController/Category.php line:25]
[2020-06-18 13:45:51][debug][error]:[Call to a member function write() on null at file:/root/workspace/EasySwoole/App/HttpController/Category.php line:25]
[2020-06-18 13:45:52][debug][notice]:[Undefined property: App\HttpController\Category::$respone at file:/root/workspace/EasySwoole/App/HttpController/Category.php line:25]
[2020-06-18 13:45:52][debug][error]:[Call to a member function write() on null at file:/root/workspace/EasySwoole/App/HttpController/Category.php line:25]
[2020-06-18 13:45:52][debug][notice]:[Undefined property: App\HttpController\Category::$respone at file:/root/workspace/EasySwoole/App/HttpController/Category.php line:25]
[2020-06-18 13:45:52][debug][error]:[Call to a member function write() on null at file:/root/workspace/EasySwoole/App/HttpController/Category.php line:25]
[2020-06-19 13:51:36][debug][error]:[Return value of App\HttpController\Api\Index::onRequest() must be of the type boolean or null, none returned at file:/root/workspace/EasySwoole/App/HttpController/Api/Index.php line:20]
[2020-06-19 13:51:57][debug][error]:[Class 'App\HttpController\Api\abc' not found at file:/root/workspace/EasySwoole/App/HttpController/Api/Index.php line:28]
[2020-06-19 13:52:33][debug][error]:[Class 'App\HttpController\Api\abc' not found at file:/root/workspace/EasySwoole/App/HttpController/Api/Index.php line:28]
[2020-06-19 14:13:44][debug][warning]:[Object of class EasySwoole\Mysqli\QueryBuilder could not be converted to string at file:/root/workspace/EasySwoole/App/HttpController/Api/Index.php line:52]
[2020-06-19 15:03:36][debug][error]:[ERR Client sent AUTH, but no password is set at file:/root/workspace/EasySwoole/vendor/easyswoole/redis/src/Redis.php line:2897]
[2020-06-19 15:28:04][debug][error]:[Class 'redis' not found at file:/root/workspace/EasySwoole/App/HttpController/Api/Index.php line:82]
[2020-06-19 15:28:34][debug][error]:[Class 'Redis' not found at file:/root/workspace/EasySwoole/App/HttpController/Api/Index.php line:82]
[2020-06-19 15:29:28][debug][error]:[Class 'App\Lib\Redis' not found at file:/root/workspace/EasySwoole/App/HttpController/Api/Index.php line:82]
[2020-06-19 15:30:20][debug][error]:[Class 'App\Lib\Redis' not found at file:/root/workspace/EasySwoole/App/HttpController/Api/Index.php line:82]
[2020-06-19 15:34:38][debug][error]:[Class 'App\Lib\Redis' not found at file:/root/workspace/EasySwoole/App/HttpController/Api/Index.php line:83]
[2020-06-19 15:35:28][debug][error]:[Class 'App\Lib\Redis' not found at file:/root/workspace/EasySwoole/App/HttpController/Api/Index.php line:83]
[2020-06-19 15:36:05][debug][error]:[redis.so文件不存在 at file:/root/workspace/EasySwoole/App/Lib/Redis/Redis.php line:16]
[2020-06-19 15:38:06][debug][error]:[Class 'Redis' not found at file:/root/workspace/EasySwoole/App/Lib/Redis/Redis.php line:27]
[2020-06-19 15:40:53][debug][error]:[Argument 1 passed to EasySwoole\Redis\Redis::__construct() must be an instance of EasySwoole\Redis\Config\RedisConfig, array given, called in /root/workspace/EasySwoole/App/Lib/Redis/Redis.php on line 28 at file:/root/workspace/EasySwoole/vendor/easyswoole/redis/src/Redis.php line:199]
[2020-06-19 15:41:52][debug][error]:[Call to a member function get() on boolean at file:/root/workspace/EasySwoole/App/HttpController/Api/Index.php line:84]
[2020-06-19 15:47:03][debug][error]:[Call to private App\Lib\Redis\Redis::__construct() from context 'App\HttpController\Api\Index' at file:/root/workspace/EasySwoole/App/HttpController/Api/Index.php line:82]
[2020-06-19 17:13:13][debug][error]:[Return value of EasySwoole\Redis\Config\RedisConfig::getSerialize() must be of the type integer, string returned at file:/root/workspace/EasySwoole/vendor/easyswoole/redis/src/Config/RedisConfig.php line:113]
[2020-06-19 18:33:50][debug][info]:[ConsumerTest2---4]
[2020-06-19 18:33:50][debug][info]:[ConsumerTest0---5]
[2020-06-19 18:33:50][debug][info]:[ConsumerTest1---3]
[2020-06-19 18:33:50][debug][info]:[ConsumerTest2---2]
[2020-06-19 18:33:50][debug][info]:[ConsumerTest0---1]
[2020-06-19 18:33:50][debug][info]:[ConsumerTest1---6]
[2020-06-19 18:33:50][debug][info]:[ConsumerTest2---7]
[2020-06-19 18:33:50][debug][info]:[ConsumerTest0---8]
[2020-06-19 18:33:50][debug][info]:[ConsumerTest1---9]
[2020-06-19 18:33:50][debug][info]:[ConsumerTest2---10]
[2020-06-19 18:38:39][debug][info]:[ConsumerTest0---15]
[2020-06-19 18:38:39][debug][info]:[ConsumerTest0---14]
[2020-06-19 18:38:39][debug][info]:[ConsumerTest0---13]
[2020-06-19 18:38:39][debug][info]:[ConsumerTest0---12]
[2020-06-19 18:38:39][debug][info]:[ConsumerTest0---11]
[2020-06-19 18:38:39][debug][info]:[ConsumerTest0---10]
[2020-06-19 18:38:39][debug][info]:[ConsumerTest0---8]
[2020-06-19 18:38:39][debug][info]:[ConsumerTest2---9]
[2020-06-19 18:38:39][debug][info]:[ConsumerTest0---6]
[2020-06-19 18:38:39][debug][info]:[ConsumerTest2---5]
[2020-06-19 18:38:39][debug][info]:[ConsumerTest0---4]
[2020-06-19 18:38:39][debug][info]:[ConsumerTest2---3]
[2020-06-19 18:38:39][debug][info]:[ConsumerTest0---2]
[2020-06-19 18:38:39][debug][info]:[ConsumerTest2---1]
[2020-06-19 18:38:39][debug][info]:[ConsumerTest1---7]
[2020-06-19 18:46:06][debug][info]:[ConsumerTest1---12]
[2020-06-19 18:46:13][debug][info]:[ConsumerTest1---15]
[2020-06-20 10:54:46][debug][error]:[Call to a member function moveTo() on null at file:/root/workspace/EasySwoole/App/HttpController/Api/Upload.php line:56]
[2020-06-20 11:00:37][debug][error]:[Call to a member function moveTo() on null at file:/root/workspace/EasySwoole/App/HttpController/Api/Upload.php line:56]
[2020-06-20 11:01:46][debug][error]:[Call to a member function moveTo() on null at file:/root/workspace/EasySwoole/App/HttpController/Api/Upload.php line:56]
[2020-06-20 11:02:10][debug][error]:[Call to a member function moveTo() on null at file:/root/workspace/EasySwoole/App/HttpController/Api/Upload.php line:56]
[2020-06-20 11:05:05][debug][error]:[Call to a member function moveTo() on null at file:/root/workspace/EasySwoole/App/HttpController/Api/Upload.php line:56]
[2020-06-20 11:07:35][debug][error]:[Call to a member function moveTo() on null at file:/root/workspace/EasySwoole/App/HttpController/Api/Upload.php line:56]
[2020-06-20 11:16:32][debug][error]:[Call to a member function moveTo() on null at file:/root/workspace/EasySwoole/App/HttpController/Api/Upload.php line:56]
[2020-06-20 11:17:41][debug][error]:[Call to a member function moveTo() on null at file:/root/workspace/EasySwoole/App/HttpController/Api/Upload.php line:56]
[2020-06-20 11:19:26][debug][error]:[Call to a member function moveTo() on null at file:/root/workspace/EasySwoole/App/HttpController/Api/Upload.php line:56]
[2020-06-20 11:24:30][debug][notice]:[Undefined variable: data at file:/root/workspace/EasySwoole/App/HttpController/Api/Upload.php line:64]
[2020-06-20 11:51:04][debug][error]:[Call to undefined method EasySwoole\Http\Request::get() at file:/root/workspace/EasySwoole/App/HttpController/Api/Upload.php line:56]
[2020-06-22 15:59:05][debug][error]:[Call to undefined method EasySwoole\Mysqli\QueryBuilder::execBuilder() at file:/root/workspace/EasySwoole/App/HttpController/Api/Index.php line:40]
[2020-06-22 16:28:12][debug][info]:[video:add:[]]
[2020-06-22 16:28:12][debug][notice]:[Undefined index: name at file:/root/workspace/EasySwoole/App/HttpController/Api/Video.php line:105]
[2020-06-22 16:28:12][debug][notice]:[Undefined index: url at file:/root/workspace/EasySwoole/App/HttpController/Api/Video.php line:106]
[2020-06-22 16:28:12][debug][notice]:[Undefined index: image at file:/root/workspace/EasySwoole/App/HttpController/Api/Video.php line:107]
[2020-06-22 16:28:12][debug][notice]:[Undefined index: content at file:/root/workspace/EasySwoole/App/HttpController/Api/Video.php line:108]
[2020-06-22 16:28:12][debug][notice]:[Undefined index: cat_id at file:/root/workspace/EasySwoole/App/HttpController/Api/Video.php line:109]
[2020-06-22 16:31:15][debug][info]:[video:add:[]]
[2020-06-22 16:31:15][debug][notice]:[Undefined index: name at file:/root/workspace/EasySwoole/App/HttpController/Api/Video.php line:105]
[2020-06-22 16:31:15][debug][notice]:[Undefined index: url at file:/root/workspace/EasySwoole/App/HttpController/Api/Video.php line:106]
[2020-06-22 16:31:15][debug][notice]:[Undefined index: image at file:/root/workspace/EasySwoole/App/HttpController/Api/Video.php line:107]
[2020-06-22 16:31:15][debug][notice]:[Undefined index: content at file:/root/workspace/EasySwoole/App/HttpController/Api/Video.php line:108]
[2020-06-22 16:31:15][debug][notice]:[Undefined index: cat_id at file:/root/workspace/EasySwoole/App/HttpController/Api/Video.php line:109]
[2020-06-22 16:33:10][debug][info]:[video:add:[]]
[2020-06-22 16:33:10][debug][notice]:[Undefined index: name at file:/root/workspace/EasySwoole/App/HttpController/Api/Video.php line:105]
[2020-06-22 16:33:10][debug][notice]:[Undefined index: url at file:/root/workspace/EasySwoole/App/HttpController/Api/Video.php line:106]
[2020-06-22 16:33:10][debug][notice]:[Undefined index: image at file:/root/workspace/EasySwoole/App/HttpController/Api/Video.php line:107]
[2020-06-22 16:33:10][debug][notice]:[Undefined index: content at file:/root/workspace/EasySwoole/App/HttpController/Api/Video.php line:108]
[2020-06-22 16:33:10][debug][notice]:[Undefined index: cat_id at file:/root/workspace/EasySwoole/App/HttpController/Api/Video.php line:109]
[2020-06-22 16:35:23][debug][info]:[video:add:{"name":"1","url":"1","image":"1","content":"1","cat_id":"1"}]
[2020-06-22 16:35:31][debug][info]:[video:add:{"name":"1","url":"1","image":"1","content":"1","cat_id":"1"}]
[2020-06-22 16:35:55][debug][info]:[video:add:{"name":"1","url":"1","image":"1","content":"1","cat_id":"1"}]
[2020-06-22 16:35:55][debug][error]:[Call to a member function insert() on string at file:/root/workspace/EasySwoole/App/Model/Base.php line:30]
[2020-06-22 16:36:26][debug][info]:[video:add:{"name":"1","url":"1","image":"1","content":"1","cat_id":"1"}]
[2020-06-22 16:36:26][debug][error]:[Call to undefined method EasySwoole\Mysqli\Client::insert() at file:/root/workspace/EasySwoole/App/Model/Base.php line:30]
[2020-06-22 16:39:51][debug][info]:[video:add:{"name":"1","url":"1","image":"1","content":"1","cat_id":"1"}]
[2020-06-22 16:45:16][debug][info]:[video:add:{"name":"1","url":"1","image":"1","content":"1","cat_id":"1"}]
[2020-06-22 16:45:28][debug][info]:[video:add:{"name":"1","url":"1","image":"1","content":"1","cat_id":"1","id":"2"}]
[2020-06-22 16:49:28][debug][info]:[video:add:{"name":"1","url":"1","image":"1","content":"1","cat_id":"1","id":"2"}]
[2020-06-22 16:51:23][debug][info]:[video:add:{"name":"1","url":"1","image":"1","content":"1","cat_id":"1","id":"2"}]
[2020-06-22 16:52:56][debug][info]:[video:add:{"name":"1","url":"1","image":"1","content":"1","cat_id":"1","id":"2"}]
[2020-06-22 16:54:20][debug][info]:[video:add:{"name":"1","url":"1","image":"1","content":"1","cat_id":"1","id":"2"}]
[2020-06-22 16:55:38][debug][info]:[video:add:{"name":"1","url":"1","image":"1","content":"1","cat_id":"1","id":"2"}]
[2020-06-22 16:55:38][debug][error]:[Call to undefined method App\Model\Video::writeJson() at file:/root/workspace/EasySwoole/App/Model/Base.php line:12]
[2020-06-22 16:56:41][debug][info]:[video:add:{"name":"1","url":"1","image":"1","content":"1","cat_id":"1","id":"2"}]
[2020-06-22 17:01:38][debug][info]:[video:add:{"name":"1","url":"1","image":"1","content":"1","cat_id":"1","id":"2"}]
[2020-06-22 17:02:00][debug][info]:[video:add:{"name":"1","url":"1","image":"1","content":"1","cat_id":"1","id":"2"}]
[2020-06-22 17:04:42][debug][info]:[video:add:{"name":"1","url":"1","image":"1","content":"1","cat_id":"1","id":"2"}]
[2020-06-22 17:08:29][debug][info]:[video:add:{"name":"1","url":"1","image":"1","content":"1","cat_id":"1","id":"2"}]
[2020-06-22 17:08:53][debug][info]:[video:add:{"name":"1","url":"1","image":"1","content":"1","cat_id":"1","id":"2"}]
[2020-06-22 17:11:28][debug][info]:[video:add:{"name":"1","url":"1","image":"1","content":"1","cat_id":"1"}]
[2020-06-22 17:12:45][debug][info]:[video:add:{"name":"5","url":"6","image":"1","content":"1","cat_id":"1"}]
[2020-06-22 18:20:44][debug][info]:[video:add:{"name":"55555555555555555555555555555555555555555555555555555555555555555555555666","url":"6","image":"1","content":"1","cat_id":"1"}]
[2020-06-22 18:20:44][debug][error]:[Call to undefined method EasySwoole\Validate\Rule::add() at file:/root/workspace/EasySwoole/App/HttpController/Api/Video.php line:93]
[2020-06-22 18:29:22][debug][info]:[video:add:{"url":"55","image":"1","content":"1","cat_id":"1","name":"2565254515422588"}]
[2020-06-22 18:29:22][debug][error]:[Call to undefined method App\HttpController\Api\Video::validateParams() at file:/root/workspace/EasySwoole/App/HttpController/Api/Video.php line:90]
[2020-06-22 18:30:37][debug][info]:[video:add:{"url":"55","image":"1","content":"1","cat_id":"1","name":"2565254515422588"}]
[2020-06-22 18:30:37][debug][error]:[Call to undefined method App\HttpController\Api\Video::validateRule() at file:/root/workspace/EasySwoole/App/HttpController/Api/Video.php line:90]
[2020-06-22 18:34:58][debug][info]:[video:add:{"url":"55","image":"1","content":"1","cat_id":"1","name":"2565254515422588"}]
[2020-06-22 18:34:58][debug][error]:[Call to undefined method App\HttpController\Api\Video::validate() at file:/root/workspace/EasySwoole/App/HttpController/Api/Video.php line:90]
[2020-06-22 18:35:32][debug][info]:[video:add:{"url":"55","image":"1","content":"1","cat_id":"1","name":"2565254515422588"}]
[2020-06-22 18:35:32][debug][error]:[Argument 1 passed to EasySwoole\Validate\Validate::validate() must be of the type array, object given, called in /root/workspace/EasySwoole/App/HttpController/Api/Video.php on line 90 at file:/root/workspace/EasySwoole/vendor/easyswoole/validate/src/Validate.php line:76]
[2020-06-22 18:38:41][debug][info]:[video:add:{"url":"55","image":"1","content":"1","cat_id":"1","name":"2565254515422588"}]
[2020-06-22 18:38:41][debug][error]:[Argument 1 passed to EasySwoole\Validate\Validate::validate() must be of the type array, object given, called in /root/workspace/EasySwoole/App/HttpController/Api/Video.php on line 91 at file:/root/workspace/EasySwoole/vendor/easyswoole/validate/src/Validate.php line:76]
[2020-06-22 18:40:03][debug][info]:[video:add:{"url":"55","image":"1","content":"1","cat_id":"1","name":"2565254515422588"}]
[2020-06-22 18:40:03][debug][error]:[Argument 1 passed to EasySwoole\Validate\Validate::validate() must be of the type array, object given, called in /root/workspace/EasySwoole/App/HttpController/Api/Video.php on line 90 at file:/root/workspace/EasySwoole/vendor/easyswoole/validate/src/Validate.php line:76]
[2020-06-22 18:41:44][debug][info]:[video:add:{"url":"55","image":"1","content":"1","cat_id":"1","name":"2565254515422588"}]
[2020-06-22 18:44:58][debug][info]:[video:add:{"url":"55","image":"1","content":"1","cat_id":"1","name":"2565254515422588"}]
[2020-06-22 18:44:58][debug][error]:[Call to undefined method EasySwoole\Validate\Rule::getError() at file:/root/workspace/EasySwoole/App/HttpController/Api/Video.php line:105]
[2020-06-22 18:46:15][debug][info]:[video:add:{"url":"55","image":"1","content":"1","cat_id":"1","name":"2565254515422588"}]
[2020-06-22 18:50:00][debug][info]:[video:add:{"url":"55","image":"1","content":"1","cat_id":"1","name":"5422588"}]
[2020-06-22 18:50:26][debug][info]:[video:add:{"url":"55","image":"1","content":"1","cat_id":"1","name":"5422"}]
[2020-06-22 18:50:46][debug][info]:[video:add:{"url":"55","image":"1","content":"1","cat_id":"1","name":""}]
[2020-06-22 18:50:48][debug][info]:[video:add:{"url":"55","image":"1","content":"1","cat_id":"1","name":""}]
[2020-06-22 18:50:50][debug][info]:[video:add:{"url":"55","image":"1","content":"1","cat_id":"1","name":""}]
[2020-06-22 18:50:51][debug][info]:[video:add:{"url":"55","image":"1","content":"1","cat_id":"1","name":""}]
[2020-06-22 18:50:57][debug][info]:[video:add:{"url":"55","image":"1","content":"1","cat_id":"1","name":""}]
[2020-06-22 18:51:55][debug][info]:[video:add:{"url":"55","image":"1","content":"1","cat_id":"1","name":""}]
[2020-06-22 18:52:04][debug][info]:[video:add:{"url":"55","image":"1","content":"1","cat_id":"1","name":"3334"}]
[2020-06-22 18:58:41][debug][info]:[video:add:{"name":"22335","content":"67676","cat_id":"2"}]
[2020-06-22 18:58:42][debug][notice]:[Undefined index: url at file:/root/workspace/EasySwoole/App/HttpController/Api/Video.php line:93]
[2020-06-22 18:58:42][debug][notice]:[Undefined index: image at file:/root/workspace/EasySwoole/App/HttpController/Api/Video.php line:94]
[2020-06-22 19:09:22][debug][info]:[video:add:{"url":"\/video\/2020\/06\/0b3cbc415b8ace1a.mp4","name":"33344","content":"4444","cat_id":"3"}]
[2020-06-22 19:09:22][debug][notice]:[Undefined index: image at file:/root/workspace/EasySwoole/App/HttpController/Api/Video.php line:94]
[2020-06-22 19:18:45][debug][info]:[video:add:{"image":"\/image\/2020\/06\/79ef7e152467e851.jpeg","url":"\/video\/2020\/06\/1d353b042095e382.mp4","name":"44466","content":"5555","cat_id":"3"}]
[2020-06-23 10:58:54][debug][warning]:[Declaration of App\HttpController\Api\Index::onRequest(?string $action): ?bool should be compatible with App\HttpController\Api\Base::onRequest($action): ?bool at file:/root/workspace/EasySwoole/App/HttpController/Api/Index.php line:14]
[2020-06-23 10:58:54][debug][notice]:[Undefined index: page at file:/root/workspace/EasySwoole/App/HttpController/Api/Index.php line:29]
[2020-06-23 10:58:54][debug][notice]:[Undefined index: size at file:/root/workspace/EasySwoole/App/HttpController/Api/Index.php line:29]
[2020-06-23 10:58:54][debug][warning]:[mysqli::__construct(): (HY000/1049): Unknown database 'video' at file:/root/workspace/EasySwoole/vendor/joshcam/mysqli-database-class/MysqliDb.php line:323]
[2020-06-23 11:01:24][debug][warning]:[Declaration of App\HttpController\Api\Index::onRequest(?string $action): ?bool should be compatible with App\HttpController\Api\Base::onRequest($action): ?bool at file:/root/workspace/EasySwoole/App/HttpController/Api/Index.php line:14]
[2020-06-23 11:01:24][debug][notice]:[Undefined index: video_duration at file:/root/workspace/EasySwoole/App/HttpController/Api/Index.php line:38]
[2020-06-23 11:01:24][debug][notice]:[Undefined index: video_duration at file:/root/workspace/EasySwoole/App/HttpController/Api/Index.php line:38]
[2020-06-23 11:01:24][debug][notice]:[Undefined index: video_duration at file:/root/workspace/EasySwoole/App/HttpController/Api/Index.php line:38]
[2020-06-23 11:01:24][debug][notice]:[Undefined index: video_duration at file:/root/workspace/EasySwoole/App/HttpController/Api/Index.php line:38]
[2020-06-23 11:01:24][debug][notice]:[Undefined index: video_duration at file:/root/workspace/EasySwoole/App/HttpController/Api/Index.php line:38]
[2020-06-23 11:28:15][debug][error]:[Class test_singwa_crontab does not exist at file:/root/workspace/EasySwoole/vendor/easyswoole/easyswoole/src/Crontab/Crontab.php line:41]
[2020-06-23 14:45:00][debug][warning]:[file_put_contents(/root/workspace/EasySwoole/webroot/video/json/0.json): failed to open stream: No such file or directory at file:/root/workspace/EasySwoole/App/Lib/Cache/Video.php line:40]
[2020-06-23 14:45:00][debug][warning]:[file_put_contents(/root/workspace/EasySwoole/webroot/video/json/1.json): failed to open stream: No such file or directory at file:/root/workspace/EasySwoole/App/Lib/Cache/Video.php line:40]
[2020-06-23 14:45:00][debug][warning]:[file_put_contents(/root/workspace/EasySwoole/webroot/video/json/2.json): failed to open stream: No such file or directory at file:/root/workspace/EasySwoole/App/Lib/Cache/Video.php line:40]
[2020-06-23 14:45:00][debug][warning]:[file_put_contents(/root/workspace/EasySwoole/webroot/video/json/3.json): failed to open stream: No such file or directory at file:/root/workspace/EasySwoole/App/Lib/Cache/Video.php line:40]
[2020-06-23 14:45:02][debug][warning]:[file_put_contents(/root/workspace/EasySwoole/webroot/video/json/0.json): failed to open stream: No such file or directory at file:/root/workspace/EasySwoole/App/Lib/Cache/Video.php line:40]
[2020-06-23 14:45:02][debug][warning]:[file_put_contents(/root/workspace/EasySwoole/webroot/video/json/1.json): failed to open stream: No such file or directory at file:/root/workspace/EasySwoole/App/Lib/Cache/Video.php line:40]
[2020-06-23 14:45:02][debug][warning]:[file_put_contents(/root/workspace/EasySwoole/webroot/video/json/2.json): failed to open stream: No such file or directory at file:/root/workspace/EasySwoole/App/Lib/Cache/Video.php line:40]
[2020-06-23 14:45:02][debug][warning]:[file_put_contents(/root/workspace/EasySwoole/webroot/video/json/3.json): failed to open stream: No such file or directory at file:/root/workspace/EasySwoole/App/Lib/Cache/Video.php line:40]
[2020-06-23 14:50:19][debug][warning]:[Declaration of App\HttpController\Api\Index::onRequest(?string $action): ?bool should be compatible with App\HttpController\Api\Base::onRequest($action): ?bool at file:/root/workspace/EasySwoole/App/HttpController/Api/Index.php line:14]
[2020-06-23 14:50:19][debug][notice]:[Undefined index: size at file:/root/workspace/EasySwoole/App/HttpController/Api/Base.php line:61]
[2020-06-23 14:50:19][debug][warning]:[Division by zero at file:/root/workspace/EasySwoole/App/HttpController/Api/Base.php line:61]
[2020-06-23 14:50:19][debug][notice]:[Undefined index: from at file:/root/workspace/EasySwoole/App/HttpController/Api/Base.php line:69]
[2020-06-23 14:50:19][debug][notice]:[Undefined index: size at file:/root/workspace/EasySwoole/App/HttpController/Api/Base.php line:69]
[2020-06-23 14:50:19][debug][notice]:[Undefined index: page at file:/root/workspace/EasySwoole/App/HttpController/Api/Base.php line:74]
[2020-06-23 14:55:59][debug][warning]:[Declaration of App\HttpController\Api\Index::onRequest(?string $action): ?bool should be compatible with App\HttpController\Api\Base::onRequest($action): ?bool at file:/root/workspace/EasySwoole/App/HttpController/Api/Index.php line:14]
[2020-06-23 14:55:59][debug][notice]:[Undefined index: size at file:/root/workspace/EasySwoole/App/HttpController/Api/Base.php line:61]
[2020-06-23 14:55:59][debug][warning]:[Division by zero at file:/root/workspace/EasySwoole/App/HttpController/Api/Base.php line:61]
[2020-06-23 14:55:59][debug][notice]:[Undefined index: from at file:/root/workspace/EasySwoole/App/HttpController/Api/Base.php line:69]
[2020-06-23 14:55:59][debug][notice]:[Undefined index: size at file:/root/workspace/EasySwoole/App/HttpController/Api/Base.php line:69]
[2020-06-23 14:55:59][debug][notice]:[Undefined index: page at file:/root/workspace/EasySwoole/App/HttpController/Api/Base.php line:74]
[2020-06-23 14:56:01][debug][notice]:[Undefined index: size at file:/root/workspace/EasySwoole/App/HttpController/Api/Base.php line:61]
[2020-06-23 14:56:01][debug][warning]:[Division by zero at file:/root/workspace/EasySwoole/App/HttpController/Api/Base.php line:61]
[2020-06-23 14:56:01][debug][notice]:[Undefined index: from at file:/root/workspace/EasySwoole/App/HttpController/Api/Base.php line:69]
[2020-06-23 14:56:01][debug][notice]:[Undefined index: size at file:/root/workspace/EasySwoole/App/HttpController/Api/Base.php line:69]
[2020-06-23 14:56:01][debug][notice]:[Undefined index: page at file:/root/workspace/EasySwoole/App/HttpController/Api/Base.php line:74]
[2020-06-23 14:56:54][debug][warning]:[Declaration of App\HttpController\Api\Index::onRequest(?string $action): ?bool should be compatible with App\HttpController\Api\Base::onRequest($action): ?bool at file:/root/workspace/EasySwoole/App/HttpController/Api/Index.php line:14]
[2020-06-23 14:56:54][debug][notice]:[Undefined index: size at file:/root/workspace/EasySwoole/App/HttpController/Api/Base.php line:61]
[2020-06-23 14:56:54][debug][warning]:[Division by zero at file:/root/workspace/EasySwoole/App/HttpController/Api/Base.php line:61]
[2020-06-23 14:56:54][debug][notice]:[Undefined index: from at file:/root/workspace/EasySwoole/App/HttpController/Api/Base.php line:69]
[2020-06-23 14:56:54][debug][notice]:[Undefined index: size at file:/root/workspace/EasySwoole/App/HttpController/Api/Base.php line:69]
[2020-06-23 14:56:54][debug][notice]:[Undefined index: page at file:/root/workspace/EasySwoole/App/HttpController/Api/Base.php line:74]
[2020-06-23 14:57:29][debug][notice]:[Undefined index: size at file:/root/workspace/EasySwoole/App/HttpController/Api/Base.php line:61]
[2020-06-23 14:57:29][debug][warning]:[Division by zero at file:/root/workspace/EasySwoole/App/HttpController/Api/Base.php line:61]
[2020-06-23 14:57:29][debug][notice]:[Undefined index: from at file:/root/workspace/EasySwoole/App/HttpController/Api/Base.php line:69]
[2020-06-23 14:57:29][debug][notice]:[Undefined index: size at file:/root/workspace/EasySwoole/App/HttpController/Api/Base.php line:69]
[2020-06-23 14:57:29][debug][notice]:[Undefined index: page at file:/root/workspace/EasySwoole/App/HttpController/Api/Base.php line:74]
[2020-06-23 14:57:36][debug][warning]:[Declaration of App\HttpController\Api\Index::onRequest(?string $action): ?bool should be compatible with App\HttpController\Api\Base::onRequest($action): ?bool at file:/root/workspace/EasySwoole/App/HttpController/Api/Index.php line:14]
[2020-06-23 14:57:36][debug][notice]:[Undefined index: size at file:/root/workspace/EasySwoole/App/HttpController/Api/Base.php line:61]
[2020-06-23 14:57:36][debug][warning]:[Division by zero at file:/root/workspace/EasySwoole/App/HttpController/Api/Base.php line:61]
[2020-06-23 14:57:36][debug][notice]:[Undefined index: from at file:/root/workspace/EasySwoole/App/HttpController/Api/Base.php line:69]
[2020-06-23 14:57:36][debug][notice]:[Undefined index: size at file:/root/workspace/EasySwoole/App/HttpController/Api/Base.php line:69]
[2020-06-23 14:57:36][debug][notice]:[Undefined index: page at file:/root/workspace/EasySwoole/App/HttpController/Api/Base.php line:74]
[2020-06-23 15:00:55][debug][warning]:[Declaration of App\HttpController\Api\Index::onRequest(?string $action): ?bool should be compatible with App\HttpController\Api\Base::onRequest($action): ?bool at file:/root/workspace/EasySwoole/App/HttpController/Api/Index.php line:14]
[2020-06-23 15:00:55][debug][notice]:[Undefined index: size at file:/root/workspace/EasySwoole/App/HttpController/Api/Base.php line:59]
[2020-06-23 15:00:55][debug][warning]:[Division by zero at file:/root/workspace/EasySwoole/App/HttpController/Api/Base.php line:59]
[2020-06-23 15:00:55][debug][notice]:[Undefined index: from at file:/root/workspace/EasySwoole/App/HttpController/Api/Base.php line:67]
[2020-06-23 15:00:55][debug][notice]:[Undefined index: size at file:/root/workspace/EasySwoole/App/HttpController/Api/Base.php line:67]
[2020-06-23 15:00:55][debug][notice]:[Undefined index: page at file:/root/workspace/EasySwoole/App/HttpController/Api/Base.php line:72]
[2020-06-23 15:02:49][debug][warning]:[Declaration of App\HttpController\Api\Index::onRequest(?string $action): ?bool should be compatible with App\HttpController\Api\Base::onRequest($action): ?bool at file:/root/workspace/EasySwoole/App/HttpController/Api/Index.php line:14]
[2020-06-23 16:19:45][debug][warning]:[Declaration of App\HttpController\Api\Index::onRequest(?string $action): ?bool should be compatible with App\HttpController\Api\Base::onRequest($action): ?bool at file:/root/workspace/EasySwoole/App/HttpController/Api/Index.php line:14]
[2020-06-23 16:19:45][debug][notice]:[Undefined index: size at file:/root/workspace/EasySwoole/App/HttpController/Api/Base.php line:59]
[2020-06-23 16:19:45][debug][warning]:[Division by zero at file:/root/workspace/EasySwoole/App/HttpController/Api/Base.php line:59]
[2020-06-23 16:19:45][debug][notice]:[Undefined index: from at file:/root/workspace/EasySwoole/App/HttpController/Api/Base.php line:67]
[2020-06-23 16:19:45][debug][notice]:[Undefined index: size at file:/root/workspace/EasySwoole/App/HttpController/Api/Base.php line:67]
[2020-06-23 16:19:45][debug][notice]:[Undefined index: page at file:/root/workspace/EasySwoole/App/HttpController/Api/Base.php line:72]
[2020-06-23 16:19:54][debug][notice]:[Undefined index: size at file:/root/workspace/EasySwoole/App/HttpController/Api/Base.php line:59]
[2020-06-23 16:19:54][debug][warning]:[Division by zero at file:/root/workspace/EasySwoole/App/HttpController/Api/Base.php line:59]
[2020-06-23 16:19:54][debug][notice]:[Undefined index: from at file:/root/workspace/EasySwoole/App/HttpController/Api/Base.php line:67]
[2020-06-23 16:19:54][debug][notice]:[Undefined index: size at file:/root/workspace/EasySwoole/App/HttpController/Api/Base.php line:67]
[2020-06-23 16:19:54][debug][notice]:[Undefined index: page at file:/root/workspace/EasySwoole/App/HttpController/Api/Base.php line:72]
[2020-06-23 16:20:26][debug][warning]:[Declaration of App\HttpController\Api\Index::onRequest(?string $action): ?bool should be compatible with App\HttpController\Api\Base::onRequest($action): ?bool at file:/root/workspace/EasySwoole/App/HttpController/Api/Index.php line:14]
[2020-06-23 16:21:11][debug][warning]:[Declaration of App\HttpController\Api\Index::onRequest(?string $action): ?bool should be compatible with App\HttpController\Api\Base::onRequest($action): ?bool at file:/root/workspace/EasySwoole/App/HttpController/Api/Index.php line:14]
[2020-06-23 16:21:11][debug][notice]:[Undefined index: cat_id at file:/root/workspace/EasySwoole/App/HttpController/Api/Index.php line:50]
[2020-06-23 16:31:17][debug][warning]:[Declaration of App\HttpController\Api\Index::onRequest(?string $action): ?bool should be compatible with App\HttpController\Api\Base::onRequest($action): ?bool at file:/root/workspace/EasySwoole/App/HttpController/Api/Index.php line:14]
[2020-06-23 16:34:14][debug][warning]:[Declaration of App\HttpController\Api\Base::onRequest($request, $response): ?bool should be compatible with EasySwoole\Http\AbstractInterface\Controller::onRequest(?string $action): ?bool at file:/root/workspace/EasySwoole/App/HttpController/Api/Base.php line:12]
[2020-06-23 16:34:14][debug][warning]:[Declaration of App\HttpController\Api\Index::onRequest(?string $action): ?bool should be compatible with App\HttpController\Api\Base::onRequest($request, $response): ?bool at file:/root/workspace/EasySwoole/App/HttpController/Api/Index.php line:14]
[2020-06-23 16:35:29][debug][error]:[Declaration of App\HttpController\Api\Index::onRequest(?string $action): ?bool must be compatible with App\HttpController\Api\Base::onRequest($action): bool at file:/root/workspace/EasySwoole/App/HttpController/Api/Index.php line:14]
[2020-06-23 16:36:05][debug][warning]:[Declaration of App\HttpController\Api\Index::onRequest(?string $action): ?bool should be compatible with App\HttpController\Api\Base::onRequest($action): ?bool at file:/root/workspace/EasySwoole/App/HttpController/Api/Index.php line:14]
[2020-06-23 16:42:30][debug][error]:[Declaration of App\HttpController\Api\Base::onRequest(?string $action) must be compatible with EasySwoole\Http\AbstractInterface\Controller::onRequest(?string $action): ?bool at file:/root/workspace/EasySwoole/App/HttpController/Api/Base.php line:12]
[2020-06-23 17:32:16][debug][warning]:[Swoole\Server::addProcess(): server is running, can't add process at file:/root/workspace/EasySwoole/vendor/easyswoole/fast-cache/src/Cache.php line:814]
[2020-06-23 17:32:16][debug][warning]:[Swoole\Server::addProcess(): server is running, can't add process at file:/root/workspace/EasySwoole/vendor/easyswoole/fast-cache/src/Cache.php line:814]
[2020-06-23 17:32:16][debug][warning]:[Swoole\Server::addProcess(): server is running, can't add process at file:/root/workspace/EasySwoole/vendor/easyswoole/fast-cache/src/Cache.php line:814]
[2020-06-24 08:58:29][debug][error]:[Call to a member function queryBuilder() on string at file:/root/workspace/EasySwoole/App/Model/Base.php line:52]
[2020-06-24 09:02:12][debug][error]:[Uncaught Error: Call to a member function where() on string in /root/workspace/EasySwoole/App/Model/Video.php:68
Stack trace:
#0 /root/workspace/EasySwoole/App/Lib/Cache/Video.php(22): App\Model\Video->getVideoCacheData(Array)
#1 /root/workspace/EasySwoole/EasySwooleEvent.php(55): App\Lib\Cache\Video->setIndexVideo()
#2 {main}
  thrown at file:/root/workspace/EasySwoole/App/Model/Video.php line:68]
[2020-06-24 09:02:23][debug][error]:[Uncaught Error: Call to a member function where() on string in /root/workspace/EasySwoole/App/Model/Video.php:68
Stack trace:
#0 /root/workspace/EasySwoole/App/Lib/Cache/Video.php(22): App\Model\Video->getVideoCacheData(Array)
#1 /root/workspace/EasySwoole/EasySwooleEvent.php(55): App\Lib\Cache\Video->setIndexVideo()
#2 {main}
  thrown at file:/root/workspace/EasySwoole/App/Model/Video.php line:68]
[2020-06-24 09:02:23][debug][error]:[Cannot use object of type EasySwoole\Mysqli\QueryBuilder as array at file:/root/workspace/EasySwoole/App/HttpController/Api/Video.php line:39]
[2020-06-24 09:03:43][debug][error]:[Uncaught Error: Call to undefined method App\Model\Video::getVideoCacheData() in /root/workspace/EasySwoole/App/Lib/Cache/Video.php:22
Stack trace:
#0 /root/workspace/EasySwoole/EasySwooleEvent.php(55): App\Lib\Cache\Video->setIndexVideo()
#1 {main}
  thrown at file:/root/workspace/EasySwoole/App/Lib/Cache/Video.php line:22]
[2020-06-24 09:05:09][debug][error]:[Call to a member function queryBuilder() on string at file:/root/workspace/EasySwoole/App/Model/Base.php line:50]
[2020-06-24 09:05:32][debug][error]:[Cannot use object of type EasySwoole\Mysqli\QueryBuilder as array at file:/root/workspace/EasySwoole/App/HttpController/Api/Video.php line:39]
[2020-06-24 09:18:04][debug][error]:[Call to a member function queryBuilder() on string at file:/root/workspace/EasySwoole/App/Model/Base.php line:50]
